[14:45:40] [main/INFO]: Loading for game Minecraft 1.16.1
[14:45:41] [main/WARN]: Warnings were found! 
 - Conflicting versions found for fabric-api-base: used 0.1.3+12a8474c7c, also found 0.1.3+12a8474c02
[14:45:41] [main/INFO]: [FabricLoader] Loading 61 mods: fabric-renderer-api-v1@0.2.13+eae12eb802, fabric-keybindings-v0@0.2.0+3fa9f7c502, fabricloader@0.8.8+build.202, org_jetbrains_kotlinx_kotlinx-coroutines-core@1.3.5, fabric-containers-v0@0.1.8+045df74f02, fabric-dimensions-v1@1.0.0+a71b305302, fabric-object-builder-api-v1@1.5.5+e00ecb5f02, fabric-api-base@0.1.3+12a8474c7c, leadvillagers@2.1.0+mc1.16.1, fabric-rendering-data-attachment-v1@0.1.3+b7f9825d02, cardinal-components-item@2.4.0, fabric-textures-v0@1.0.4+eae12eb802, fabric-rendering-fluids-v1@0.1.8+b7084faa02, org_jetbrains_kotlin_kotlin-stdlib@1.3.71, fabric-blockrenderlayer-v1@1.1.4+c6a8ea8902, fabric-lifecycle-events-v1@1.0.0+b0993bc102, fabric-renderer-registries-v1@2.0.1+5a0f9a6002, org_jetbrains_kotlin_kotlin-stdlib-jdk7@1.3.71, fabric-loot-tables-v1@0.1.10+059ea86602, fabric@0.14.0+build.371-1.16, fabric-particles-v1@0.2.1+0a6f2a7002, fabric-networking-v0@0.1.10+e00ecb5f02, fabric-screen-handler-api-v1@1.0.1+f362c86e02, minecraft@1.16.1, fabric-networking-blockentity-v0@0.2.5+b50ffc7b02, cloth-basic-math@0.5.1, fabric-command-api-v1@1.0.8+5ce5339802, fabric-tool-attribute-api-v1@1.1.4+5794386e02, org_jetbrains_kotlin_kotlin-stdlib-jdk8@1.3.71, fabric-renderer-indigo@0.3.2+4d66bed502, spinnery@3.0.40, cloth-client-events-v0@1.0.4, fabric-biomes-v1@0.2.7+059ea86602, roughlyenoughitems@4.5.5, fabric-crash-report-info-v1@0.1.2+b7f9825d02, fabric-events-interaction-v0@0.3.3+7066030f02, fabric-item-api-v1@1.0.0+16acbe5b02, fabric-language-kotlin@1.3.71+build.1, fabric-rendering-v0@1.1.0+5341049002, fabric-rendering-v1@1.1.2+346247d702, fabric-key-binding-api-v1@1.0.0+e16a977402, cloth-config2@4.5.6, armor-visibility@1.0.0, org_jetbrains_kotlinx_kotlinx-coroutines-jdk8@1.3.5, autoconfig1u@3.2.0-unstable, fabric-resource-loader-v0@0.2.5+059ea86602, org_jetbrains_kotlin_kotlin-reflect@1.3.71, fabric-content-registries-v0@0.1.9+059ea86602, universalcomponents@0.7.2+1.16-pre2, fabric-tag-extensions-v0@0.2.7+a4c57d8e02, blue_endless_jankson@1.2.0, inmis@1.0.2-1.16, fabric-registry-sync-v0@0.3.8+7dba2d6c02, fabric-commands-v0@0.2.0+52d3083602, cardinal-components-base@2.4.0, fabric-mining-levels-v0@0.1.2+b764ce9902, fabric-events-lifecycle-v0@0.2.0+16acbe5b02, fabric-models-v0@0.1.0+dfdb52d602, fabric-item-groups-v0@0.2.0+438f963602, fabric-object-builders-v0@0.6.0+da175ad602, org_jetbrains_annotations@17.0.0
[14:45:41] [main/INFO]: SpongePowered MIXIN Subsystem Version=0.8 Source=file:/root/minecraft_modded/server.jar Service=Knot/Fabric Env=SERVER
[14:45:53] [main/INFO]: Environment: authHost='https://authserver.mojang.com', accountsHost='https://api.mojang.com', sessionHost='https://sessionserver.mojang.com', name='PROD'
[14:45:55] [main/WARN]: Ambiguity between arguments [teleport, destination] and [teleport, targets] with inputs: [Player, 0123, @e, dd12be42-52a9-4a91-a8a1-11c01849e498]
[14:45:55] [main/WARN]: Ambiguity between arguments [teleport, location] and [teleport, destination] with inputs: [0.1 -0.5 .9, 0 0 0]
[14:45:55] [main/WARN]: Ambiguity between arguments [teleport, location] and [teleport, targets] with inputs: [0.1 -0.5 .9, 0 0 0]
[14:45:55] [main/WARN]: Ambiguity between arguments [teleport, targets] and [teleport, destination] with inputs: [Player, 0123, dd12be42-52a9-4a91-a8a1-11c01849e498]
[14:45:55] [main/WARN]: Ambiguity between arguments [teleport, targets, location] and [teleport, targets, destination] with inputs: [0.1 -0.5 .9, 0 0 0]
[14:45:55] [main/INFO]: Reloading ResourceManager: Default, Fabric Tool Attribute API (v1), Inmis
[14:45:57] [Worker-Main-12/INFO]: Loaded 7 recipes
[14:45:58] [Worker-Main-12/INFO]: Loaded 927 advancements
[14:46:00] [Server thread/INFO]: Starting minecraft server version 1.16.1
[14:46:00] [Server thread/INFO]: Loading properties
[14:46:00] [Server thread/INFO]: Default game type: SURVIVAL
[14:46:00] [Server thread/INFO]: Generating keypair
[14:46:00] [Server console handler/ERROR]: Exception handling console input
java.io.IOException: Bad file descriptor
	at java.io.FileInputStream.readBytes(Native Method) ~[?:1.8.0_252]
	at java.io.FileInputStream.read(FileInputStream.java:255) ~[?:1.8.0_252]
	at java.io.BufferedInputStream.read1(BufferedInputStream.java:284) ~[?:1.8.0_252]
	at java.io.BufferedInputStream.read(BufferedInputStream.java:345) ~[?:1.8.0_252]
	at sun.nio.cs.StreamDecoder.readBytes(StreamDecoder.java:284) ~[?:1.8.0_252]
	at sun.nio.cs.StreamDecoder.implRead(StreamDecoder.java:326) ~[?:1.8.0_252]
	at sun.nio.cs.StreamDecoder.read(StreamDecoder.java:178) ~[?:1.8.0_252]
	at java.io.InputStreamReader.read(InputStreamReader.java:184) ~[?:1.8.0_252]
	at java.io.BufferedReader.fill(BufferedReader.java:161) ~[?:1.8.0_252]
	at java.io.BufferedReader.readLine(BufferedReader.java:324) ~[?:1.8.0_252]
	at java.io.BufferedReader.readLine(BufferedReader.java:389) ~[?:1.8.0_252]
	at net.minecraft.class_3176$1.run(class_3176.java:90) [intermediary-vanilla.jar:?]
[14:46:00] [Server thread/INFO]: Starting Minecraft server on *:25565
[14:46:00] [Server thread/INFO]: Using epoll channel type
[14:46:00] [Server thread/INFO]: Preparing level "world"
[14:46:01] [Server thread/INFO]: Preparing start region for dimension minecraft:overworld
[14:46:04] [Server thread/INFO]: Preparing spawn area: 0%
[14:46:04] [Server thread/INFO]: Preparing spawn area: 0%
[14:46:04] [Server thread/INFO]: Preparing spawn area: 0%
[14:46:04] [Server thread/INFO]: Preparing spawn area: 0%
[14:46:04] [Server thread/INFO]: Preparing spawn area: 0%
[14:46:04] [Server thread/INFO]: Preparing spawn area: 0%
[14:46:04] [Server thread/INFO]: Preparing spawn area: 0%
[14:46:05] [Server thread/INFO]: Preparing spawn area: 0%
[14:46:05] [Server thread/INFO]: Preparing spawn area: 0%
[14:46:06] [Server thread/INFO]: Time elapsed: 5431 ms
[14:46:06] [Server thread/INFO]: Done (5.821s)! For help, type "help"
[15:07:57] [main/INFO]: Loading for game Minecraft 1.16.1
[15:07:58] [main/WARN]: Warnings were found! 
 - Conflicting versions found for fabric-api-base: used 0.1.3+12a8474c7c, also found 0.1.3+12a8474c02
[15:07:58] [main/INFO]: [FabricLoader] Loading 61 mods: fabric-renderer-api-v1@0.2.13+eae12eb802, fabric-keybindings-v0@0.2.0+3fa9f7c502, fabricloader@0.8.8+build.202, org_jetbrains_kotlinx_kotlinx-coroutines-core@1.3.5, fabric-containers-v0@0.1.8+045df74f02, fabric-dimensions-v1@1.0.0+a71b305302, fabric-object-builder-api-v1@1.5.5+e00ecb5f02, fabric-api-base@0.1.3+12a8474c7c, leadvillagers@2.1.0+mc1.16.1, fabric-rendering-data-attachment-v1@0.1.3+b7f9825d02, cardinal-components-item@2.4.0, fabric-textures-v0@1.0.4+eae12eb802, fabric-rendering-fluids-v1@0.1.8+b7084faa02, org_jetbrains_kotlin_kotlin-stdlib@1.3.71, fabric-blockrenderlayer-v1@1.1.4+c6a8ea8902, fabric-lifecycle-events-v1@1.0.0+b0993bc102, fabric-renderer-registries-v1@2.0.1+5a0f9a6002, org_jetbrains_kotlin_kotlin-stdlib-jdk7@1.3.71, fabric-loot-tables-v1@0.1.10+059ea86602, fabric@0.14.0+build.371-1.16, fabric-particles-v1@0.2.1+0a6f2a7002, fabric-networking-v0@0.1.10+e00ecb5f02, minecraft@1.16.1, fabric-networking-blockentity-v0@0.2.5+b50ffc7b02, fabric-screen-handler-api-v1@1.0.1+f362c86e02, cloth-basic-math@0.5.1, fabric-command-api-v1@1.0.8+5ce5339802, fabric-tool-attribute-api-v1@1.1.4+5794386e02, org_jetbrains_kotlin_kotlin-stdlib-jdk8@1.3.71, fabric-renderer-indigo@0.3.2+4d66bed502, spinnery@3.0.40, cloth-client-events-v0@1.0.4, fabric-biomes-v1@0.2.7+059ea86602, roughlyenoughitems@4.5.5, fabric-crash-report-info-v1@0.1.2+b7f9825d02, fabric-events-interaction-v0@0.3.3+7066030f02, fabric-item-api-v1@1.0.0+16acbe5b02, fabric-language-kotlin@1.3.71+build.1, fabric-rendering-v0@1.1.0+5341049002, fabric-key-binding-api-v1@1.0.0+e16a977402, fabric-rendering-v1@1.1.2+346247d702, cloth-config2@4.5.6, armor-visibility@1.0.0, org_jetbrains_kotlinx_kotlinx-coroutines-jdk8@1.3.5, autoconfig1u@3.2.0-unstable, fabric-resource-loader-v0@0.2.5+059ea86602, org_jetbrains_kotlin_kotlin-reflect@1.3.71, fabric-content-registries-v0@0.1.9+059ea86602, universalcomponents@0.7.2+1.16-pre2, fabric-tag-extensions-v0@0.2.7+a4c57d8e02, blue_endless_jankson@1.2.0, inmis@1.0.2-1.16, fabric-commands-v0@0.2.0+52d3083602, fabric-registry-sync-v0@0.3.8+7dba2d6c02, cardinal-components-base@2.4.0, fabric-mining-levels-v0@0.1.2+b764ce9902, fabric-events-lifecycle-v0@0.2.0+16acbe5b02, fabric-item-groups-v0@0.2.0+438f963602, fabric-models-v0@0.1.0+dfdb52d602, fabric-object-builders-v0@0.6.0+da175ad602, org_jetbrains_annotations@17.0.0
[15:07:58] [main/INFO]: SpongePowered MIXIN Subsystem Version=0.8 Source=file:/root/minecraft_modded/server.jar Service=Knot/Fabric Env=SERVER
[15:08:10] [main/INFO]: Environment: authHost='https://authserver.mojang.com', accountsHost='https://api.mojang.com', sessionHost='https://sessionserver.mojang.com', name='PROD'
[15:08:12] [main/WARN]: Ambiguity between arguments [teleport, destination] and [teleport, targets] with inputs: [Player, 0123, @e, dd12be42-52a9-4a91-a8a1-11c01849e498]
[15:08:12] [main/WARN]: Ambiguity between arguments [teleport, location] and [teleport, destination] with inputs: [0.1 -0.5 .9, 0 0 0]
[15:08:12] [main/WARN]: Ambiguity between arguments [teleport, location] and [teleport, targets] with inputs: [0.1 -0.5 .9, 0 0 0]
[15:08:12] [main/WARN]: Ambiguity between arguments [teleport, targets] and [teleport, destination] with inputs: [Player, 0123, dd12be42-52a9-4a91-a8a1-11c01849e498]
[15:08:12] [main/WARN]: Ambiguity between arguments [teleport, targets, location] and [teleport, targets, destination] with inputs: [0.1 -0.5 .9, 0 0 0]
[15:08:12] [main/INFO]: Reloading ResourceManager: Default, Fabric Tool Attribute API (v1), Inmis
[15:08:14] [Worker-Main-10/INFO]: Loaded 7 recipes
[15:08:14] [Worker-Main-10/INFO]: Loaded 927 advancements
[15:08:16] [Server thread/INFO]: Starting minecraft server version 1.16.1
[15:08:16] [Server thread/INFO]: Loading properties
[15:08:16] [Server thread/INFO]: Default game type: SURVIVAL
[15:08:16] [Server thread/INFO]: Generating keypair
[15:08:16] [Server console handler/ERROR]: Exception handling console input
java.io.IOException: Bad file descriptor
	at java.io.FileInputStream.readBytes(Native Method) ~[?:1.8.0_252]
	at java.io.FileInputStream.read(FileInputStream.java:255) ~[?:1.8.0_252]
	at java.io.BufferedInputStream.read1(BufferedInputStream.java:284) ~[?:1.8.0_252]
	at java.io.BufferedInputStream.read(BufferedInputStream.java:345) ~[?:1.8.0_252]
	at sun.nio.cs.StreamDecoder.readBytes(StreamDecoder.java:284) ~[?:1.8.0_252]
	at sun.nio.cs.StreamDecoder.implRead(StreamDecoder.java:326) ~[?:1.8.0_252]
	at sun.nio.cs.StreamDecoder.read(StreamDecoder.java:178) ~[?:1.8.0_252]
	at java.io.InputStreamReader.read(InputStreamReader.java:184) ~[?:1.8.0_252]
	at java.io.BufferedReader.fill(BufferedReader.java:161) ~[?:1.8.0_252]
	at java.io.BufferedReader.readLine(BufferedReader.java:324) ~[?:1.8.0_252]
	at java.io.BufferedReader.readLine(BufferedReader.java:389) ~[?:1.8.0_252]
	at net.minecraft.class_3176$1.run(class_3176.java:90) [intermediary-vanilla.jar:?]
[15:08:16] [Server thread/INFO]: Starting Minecraft server on *:25565
[15:08:16] [Server thread/INFO]: Using epoll channel type
[15:08:17] [Server thread/INFO]: Preparing level "world"
[15:08:17] [Server thread/INFO]: Preparing start region for dimension minecraft:overworld
[15:08:19] [Server thread/INFO]: Preparing spawn area: 0%
[15:08:19] [Server thread/INFO]: Preparing spawn area: 0%
[15:08:19] [Server thread/INFO]: Preparing spawn area: 0%
[15:08:19] [Server thread/INFO]: Preparing spawn area: 0%
[15:08:19] [Server thread/INFO]: Preparing spawn area: 0%
[15:08:20] [Server thread/INFO]: Preparing spawn area: 0%
[15:08:20] [Server thread/INFO]: Preparing spawn area: 0%
[15:08:22] [Server thread/INFO]: Time elapsed: 4477 ms
[15:08:22] [Server thread/INFO]: Done (4.998s)! For help, type "help"
[15:08:56] [User Authenticator #1/INFO]: UUID of player iDontBlink is d01ae345-53f9-4627-9f42-f32d3718c6d2
[15:08:56] [Server thread/INFO]: iDontBlink[/71.114.57.130:64246] logged in with entity id 99 at (-128.7435090660685, 96.0, -441.5752693711237)
[15:08:56] [Server thread/INFO]: iDontBlink joined the game
[15:09:03] [Server thread/INFO]: iDontBlink lost connection: Disconnected
[15:09:03] [Server thread/INFO]: iDontBlink left the game
